-Xajruntimetarget:1.5
-1.8
-encoding
UTF-8
-showWeaveInfo
-source
1.8
-target
1.8
-classpath
C:\Users\evgeny\.m2\repository\com\mysql\mysql-connector-j\8.0.33\mysql-connector-j-8.0.33.jar;C:\Users\evgeny\.m2\repository\com\google\protobuf\protobuf-java\3.21.9\protobuf-java-3.21.9.jar;C:\Users\evgeny\.m2\repository\org\aspectj\aspectjrt\1.9.21\aspectjrt-1.9.21.jar;C:\Users\evgeny\Desktop\homework\volkovaLabs\Laba1-8\target\classes
-d
C:\Users\evgeny\Desktop\homework\volkovaLabs\Laba1-8\target\classes
-s
C:\Users\evgeny\Desktop\homework\volkovaLabs\Laba1-8\target\generated-sources\aspectj-maven-plugin
C:\Users\evgeny\Desktop\homework\volkovaLabs\Laba1-8\src\main\java\com\AspectManners.aj
C:\Users\evgeny\Desktop\homework\volkovaLabs\Laba1-8\src\main\java\com\delivery\config\DBConnection.java
C:\Users\evgeny\Desktop\homework\volkovaLabs\Laba1-8\src\main\java\com\delivery\dao\AddressDAO.java
C:\Users\evgeny\Desktop\homework\volkovaLabs\Laba1-8\src\main\java\com\delivery\dao\ParcelDAO.java
C:\Users\evgeny\Desktop\homework\volkovaLabs\Laba1-8\src\main\java\com\delivery\model\Address.java
C:\Users\evgeny\Desktop\homework\volkovaLabs\Laba1-8\src\main\java\com\delivery\model\Parcel.java
C:\Users\evgeny\Desktop\homework\volkovaLabs\Laba1-8\src\main\java\com\LoggingAspect.aj
C:\Users\evgeny\Desktop\homework\volkovaLabs\Laba1-8\src\main\java\com\Main.java
